<?xml version="1.0" encoding="UTF-8"?>
<!-- Generated by org.testng.reporters.JUnitReportReporter -->
<testsuite hostname="DESKTOP-D0NFV9L" failures="0" tests="1" name="com.ShoppersStack_testScripts.TC_002_Verify_user_is_able_to_delete_address_or_not_Test" time="55.793" errors="0" timestamp="2024-09-06T13:32:43 IST" skipped="0">
  <testcase classname="com.ShoppersStack_testScripts.TC_002_Verify_user_is_able_to_delete_address_or_not_Test" name="deleteAddress" time="55.793"/>
  <system-out/>
</testsuite> <!-- com.ShoppersStack_testScripts.TC_002_Verify_user_is_able_to_delete_address_or_not_Test -->
