<?xml version="1.0" encoding="UTF-8"?>
<!-- Generated by org.testng.reporters.JUnitReportReporter -->
<testsuite hostname="DESKTOP-D0NFV9L" failures="0" tests="1" name="com.ShoppersStack_testScripts.TC_001_Verify_user_is_able_to_add_address_or_not" time="27.715" errors="0" timestamp="2024-09-04T13:50:18 IST" skipped="0">
  <testcase classname="com.ShoppersStack_testScripts.TC_001_Verify_user_is_able_to_add_address_or_not" name="addAddress" time="27.715"/>
  <system-out/>
</testsuite> <!-- com.ShoppersStack_testScripts.TC_001_Verify_user_is_able_to_add_address_or_not -->
