<?xml version="1.0" encoding="UTF-8"?>
<!-- Generated by org.testng.reporters.JUnitReportReporter -->
<testsuite hostname="DESKTOP-D0NFV9L" failures="0" tests="1" name="com.ShoppersStack_testScripts.TC_002_Verify_user_is_able_to_delete_address_or_not" time="43.191" errors="0" timestamp="2024-09-04T14:00:53 IST" skipped="0">
  <testcase classname="com.ShoppersStack_testScripts.TC_002_Verify_user_is_able_to_delete_address_or_not" name="deleteAddress" time="43.191"/>
  <system-out/>
</testsuite> <!-- com.ShoppersStack_testScripts.TC_002_Verify_user_is_able_to_delete_address_or_not -->
